0 info it worked if it ends with ok
1 verbose cli [ '/usr/bin/node', '/usr/bin/npm', 'start' ]
2 info using npm@3.8.7
3 info using node@v4.6.1
4 verbose run-script [ 'prestart', 'start', 'poststart' ]
5 info lifecycle redirect-server@1.0.0~prestart: redirect-server@1.0.0
6 silly lifecycle redirect-server@1.0.0~prestart: no script for prestart, continuing
7 info lifecycle redirect-server@1.0.0~start: redirect-server@1.0.0
8 verbose lifecycle redirect-server@1.0.0~start: unsafe-perm in lifecycle true
9 verbose lifecycle redirect-server@1.0.0~start: PATH: /usr/lib/node_modules/npm/bin/node-gyp-bin:/home/brandon/code/redirect-server/node_modules/.bin:/usr/bin:~/Dropbox/School/COMP2807/leJOS_NXJ_0.9.1beta-3/bin:/usr/local/git/bin:/usr/local/sbin:/usr/local/bin:/usr/bin:/usr/lib/jvm/default/bin:/usr/bin/site_perl:/usr/bin/vendor_perl:/usr/bin/core_perl:/:/data/myscripts
10 verbose lifecycle redirect-server@1.0.0~start: CWD: /home/brandon/code/redirect-server
11 silly lifecycle redirect-server@1.0.0~start: Args: [ '-c', 'node server.js' ]
12 silly lifecycle redirect-server@1.0.0~start: Returned: code: 1  signal: null
13 info lifecycle redirect-server@1.0.0~start: Failed to exec start script
14 verbose stack Error: redirect-server@1.0.0 start: `node server.js`
14 verbose stack Exit status 1
14 verbose stack     at EventEmitter.<anonymous> (/usr/lib/node_modules/npm/lib/utils/lifecycle.js:244:16)
14 verbose stack     at emitTwo (events.js:87:13)
14 verbose stack     at EventEmitter.emit (events.js:172:7)
14 verbose stack     at ChildProcess.<anonymous> (/usr/lib/node_modules/npm/lib/utils/spawn.js:24:14)
14 verbose stack     at emitTwo (events.js:87:13)
14 verbose stack     at ChildProcess.emit (events.js:172:7)
14 verbose stack     at maybeClose (internal/child_process.js:829:16)
14 verbose stack     at Process.ChildProcess._handle.onexit (internal/child_process.js:211:5)
15 verbose pkgid redirect-server@1.0.0
16 verbose cwd /home/brandon/code/redirect-server
17 error Linux 4.2.5-1-ARCH
18 error argv "/usr/bin/node" "/usr/bin/npm" "start"
19 error node v4.6.1
20 error npm  v3.8.7
21 error code ELIFECYCLE
22 error redirect-server@1.0.0 start: `node server.js`
22 error Exit status 1
23 error Failed at the redirect-server@1.0.0 start script 'node server.js'.
23 error Make sure you have the latest version of node.js and npm installed.
23 error If you do, this is most likely a problem with the redirect-server package,
23 error not with npm itself.
23 error Tell the author that this fails on your system:
23 error     node server.js
23 error You can get information on how to open an issue for this project with:
23 error     npm bugs redirect-server
23 error Or if that isn't available, you can get their info via:
23 error     npm owner ls redirect-server
23 error There is likely additional logging output above.
24 verbose exit [ 1, true ]
